<?xml version="1.0" encoding="UTF-8"?>
<testsuite name="ElonsToyCarTest" tests="10" skipped="0" failures="0" errors="0" timestamp="2024-08-22T21:10:06" hostname="matheus-Lenovo-IdeaPad-S145-15IGM" time="0.205">
  <properties/>
  <testcase name="The static buy method returns a new remote controlled car instance" classname="ElonsToyCarTest" time="0.135"/>
  <testcase name="The distanceDisplay method shows 0 meters message on a new car" classname="ElonsToyCarTest" time="0.008"/>
  <testcase name="The distanceDisplay method shows the correct message after driving once" classname="ElonsToyCarTest" time="0.004"/>
  <testcase name="The batteryDisplay method shows the correct message after driving once" classname="ElonsToyCarTest" time="0.003"/>
  <testcase name="The distanceDisplay method shows the correct message after driving and draining all battery" classname="ElonsToyCarTest" time="0.005"/>
  <testcase name="The batteryDisplay method shows battery empty after draining all battery" classname="ElonsToyCarTest" time="0.003"/>
  <testcase name="The batteryDisplay method shows the correct battery percentage after driving multiple times" classname="ElonsToyCarTest" time="0.004"/>
  <testcase name="The static buy method returns each time a new remote controlled car instance" classname="ElonsToyCarTest" time="0.002"/>
  <testcase name="The distanceDisplay method shows the correct message after driving multiple times" classname="ElonsToyCarTest" time="0.002"/>
  <testcase name="The batteryDisplay method shows full battery message on a new car" classname="ElonsToyCarTest" time="0.003"/>
  <system-out><![CDATA[]]></system-out>
  <system-err><![CDATA[]]></system-err>
</testsuite>
